// 重构日志: a96d9a45
// 重构日志: ab49f58c
// 重构日志: d3e24ebb
// 同步 ID: 275c809e @ Sat Jun 13 01:03:40 UTC 2026
// 同步 ID: 58e66dc3 @ Sat Jun 13 16:04:29 UTC 2026
// 重构日志: e5f014c4
// 重构日志: 2226e6f5
// 同步 ID: e9a9c603 @ Tue Jun 23 12:40:51 UTC 2026
// 重构日志: 134f57fd
// 重构日志: 7f4f97ea
// 重构日志: 40c84f92
// 重构日志: 21a63804
// 重构日志: 81161e03
// 重构日志: 2b88bdd9
// 同步 ID: d44559d4 @ Mon Jun 29 19:51:18 UTC 2026
// 重构日志: 5ef60955
// 重构日志: 8e74752c
// 同步 ID: 221769c2 @ Thu Jul  2 02:10:26 UTC 2026
// 重构日志: 4462b1e0
// 同步 ID: b557767c @ Thu Jul  2 12:22:57 UTC 2026
// 同步 ID: 57bab0c3 @ Fri Jul  3 01:58:52 UTC 2026
// 同步 ID: cb4f3b92 @ Fri Jul  3 11:48:13 UTC 2026
// 重构日志: ba627298
// 同步 ID: e15c1903 @ Sat Jul  4 05:54:45 UTC 2026
// 同步 ID: 8f055bff @ Sat Jul  4 11:33:02 UTC 2026
// 重构日志: 1108d688
// 重构日志: c4939990
// 重构日志: d507f8ff
// 同步 ID: 0bbbcf27 @ Sun Jul  5 12:56:41 UTC 2026
// 同步 ID: dcb768fa @ Mon Jul  6 06:59:42 UTC 2026
// 重构日志: bb51611c
